<?xml version="1.0" encoding="UTF-8"?>
<testsuite xmlns:xsi="http://www.w3.org/2001/XMLSchema-instance" xsi:noNamespaceSchemaLocation="https://maven.apache.org/surefire/maven-surefire-plugin/xsd/surefire-test-report.xsd" name="uy.edu.ucu.aed2.TLineaAereaTest" time="0.077" tests="4" errors="0" skipped="0" failures="0">
  <properties>
    <property name="java.specification.version" value="17"/>
    <property name="sun.cpu.isalist" value="amd64"/>
    <property name="sun.jnu.encoding" value="Cp1252"/>
    <property name="java.class.path" value="C:\Users\TomasUcu\Desktop\Parcial 2\Parcial 2\target\test-classes;C:\Users\TomasUcu\Desktop\Parcial 2\Parcial 2\target\classes;C:\Users\TomasUcu\.m2\repository\junit\junit\4.11\junit-4.11.jar;C:\Users\TomasUcu\.m2\repository\org\hamcrest\hamcrest-core\1.3\hamcrest-core-1.3.jar;"/>
    <property name="java.vm.vendor" value="Oracle Corporation"/>
    <property name="sun.arch.data.model" value="64"/>
    <property name="user.variant" value=""/>
    <property name="java.vendor.url" value="https://java.oracle.com/"/>
    <property name="user.timezone" value="America/Montevideo"/>
    <property name="os.name" value="Windows 10"/>
    <property name="java.vm.specification.version" value="17"/>
    <property name="user.country" value="ES"/>
    <property name="sun.java.launcher" value="SUN_STANDARD"/>
    <property name="sun.boot.library.path" value="C:\Program Files\Java\jdk-17.0.1\bin"/>
    <property name="sun.java.command" value="C:\Users\TomasUcu\AppData\Local\Temp\surefire12154050198928190949\surefirebooter7496416024740736357.jar C:\Users\TomasUcu\AppData\Local\Temp\surefire12154050198928190949 2022-07-07T08-59-22_289-jvmRun1 surefire5479934691567301155tmp surefire_015966941020671536536tmp"/>
    <property name="jdk.debug" value="release"/>
    <property name="test" value="uy.edu.ucu.aed2.TLineaAereaTest"/>
    <property name="surefire.test.class.path" value="C:\Users\TomasUcu\Desktop\Parcial 2\Parcial 2\target\test-classes;C:\Users\TomasUcu\Desktop\Parcial 2\Parcial 2\target\classes;C:\Users\TomasUcu\.m2\repository\junit\junit\4.11\junit-4.11.jar;C:\Users\TomasUcu\.m2\repository\org\hamcrest\hamcrest-core\1.3\hamcrest-core-1.3.jar;"/>
    <property name="sun.cpu.endian" value="little"/>
    <property name="user.home" value="C:\Users\TomasUcu"/>
    <property name="user.language" value="es"/>
    <property name="java.specification.vendor" value="Oracle Corporation"/>
    <property name="java.version.date" value="2021-10-19"/>
    <property name="java.home" value="C:\Program Files\Java\jdk-17.0.1"/>
    <property name="file.separator" value="\"/>
    <property name="basedir" value="C:\Users\TomasUcu\Desktop\Parcial 2\Parcial 2"/>
    <property name="java.vm.compressedOopsMode" value="Zero based"/>
    <property name="line.separator" value="&#10;"/>
    <property name="java.vm.specification.vendor" value="Oracle Corporation"/>
    <property name="java.specification.name" value="Java Platform API Specification"/>
    <property name="surefire.real.class.path" value="C:\Users\TomasUcu\AppData\Local\Temp\surefire12154050198928190949\surefirebooter7496416024740736357.jar"/>
    <property name="user.script" value=""/>
    <property name="sun.management.compiler" value="HotSpot 64-Bit Tiered Compilers"/>
    <property name="java.runtime.version" value="17.0.1+12-39"/>
    <property name="user.name" value="TomasUcu"/>
    <property name="path.separator" value=";"/>
    <property name="os.version" value="10.0"/>
    <property name="java.runtime.name" value="OpenJDK Runtime Environment"/>
    <property name="file.encoding" value="UTF-8"/>
    <property name="java.vm.name" value="OpenJDK 64-Bit Server VM"/>
    <property name="maven.ext.class.path" value="C:\Program Files\NetBeans-13\netbeans\java\maven-nblib\netbeans-eventspy.jar"/>
    <property name="localRepository" value="C:\Users\TomasUcu\.m2\repository"/>
    <property name="java.vendor.url.bug" value="https://bugreport.java.com/bugreport/"/>
    <property name="java.io.tmpdir" value="C:\Users\TomasUcu\AppData\Local\Temp\"/>
    <property name="java.version" value="17.0.1"/>
    <property name="user.dir" value="C:\Users\TomasUcu\Desktop\Parcial 2\Parcial 2"/>
    <property name="os.arch" value="amd64"/>
    <property name="java.vm.specification.name" value="Java Virtual Machine Specification"/>
    <property name="sun.os.patch.level" value=""/>
    <property name="native.encoding" value="Cp1252"/>
    <property name="java.library.path" value="C:\Program Files\Java\jdk-17.0.1\bin;C:\Windows\Sun\Java\bin;C:\Windows\system32;C:\Windows;C:\Windows\system32;C:\Windows;C:\Windows\System32\Wbem;C:\Windows\System32\WindowsPowerShell\v1.0\;C:\Windows\System32\OpenSSH\;C:\Program Files\Git\cmd;C:\Program Files\jdk-17.0.2\bin;C:\Program Files\nodejs\;C:\Users\TomasUcu\AppData\Local\Android\Sdk\platform-tools\adb.exe;C:\Users\TomasUcu\AppData\Local\Programs\Python\Python310\Scripts\;C:\Users\TomasUcu\AppData\Local\Programs\Python\Python310\;C:\Users\TomasUcu\AppData\Local\Microsoft\WindowsApps;C:\Users\TomasUcu\AppData\Local\Programs\Microsoft VS Code\bin;C:\Program Files\Java\jdk-17.0.1\bin;C:\Users\TomasUcu\AppData\Roaming\npm;C:\Users\TomasUcu\AppData\Local\Android\Sdk\platform-tools;C:\Users\TomasUcu\AppData\Local\Android\Sdk\platform-tools;;."/>
    <property name="java.vm.info" value="mixed mode, sharing"/>
    <property name="java.vendor" value="Oracle Corporation"/>
    <property name="java.vm.version" value="17.0.1+12-39"/>
    <property name="sun.io.unicode.encoding" value="UnicodeLittle"/>
    <property name="java.class.version" value="61.0"/>
  </properties>
  <testcase name="testAeropuertosNoAccesiblesDesdeTodosGrafoVacio" classname="uy.edu.ucu.aed2.TLineaAereaTest" time="0.006"/>
  <testcase name="testAeropuertosNoAccesiblesDesdeTodosGrafoUnSoloElemento" classname="uy.edu.ucu.aed2.TLineaAereaTest" time="0"/>
  <testcase name="testAeropuertosNoAccesiblesDesdeTodosGrafoVariosElementosConAeropuertosAccesibles" classname="uy.edu.ucu.aed2.TLineaAereaTest" time="0.003"/>
  <testcase name="testAeropuertosNoAccesiblesDesdeTodosGrafoVariosElementosConAeropuertosInaccesibles" classname="uy.edu.ucu.aed2.TLineaAereaTest" time="0"/>
</testsuite>