<?xml version="1.0" encoding="UTF-8" ?>
<testsuite tests="18" failures="0" name="Conjunto.ConjuntoTest" time="0.025" errors="0" skipped="0">
  <properties>
    <property name="java.runtime.name" value="OpenJDK Runtime Environment"/>
    <property name="java.vm.version" value="17.0.1+12-39"/>
    <property name="sun.boot.library.path" value="C:\Program Files\Java\jdk-17.0.1\bin"/>
    <property name="maven.multiModuleProjectDirectory" value="C:\Users\TomasUcu\Documents\NetBeansProjects\TADs"/>
    <property name="java.vm.vendor" value="Oracle Corporation"/>
    <property name="java.vendor.url" value="https://java.oracle.com/"/>
    <property name="guice.disable.misplaced.annotation.check" value="true"/>
    <property name="path.separator" value=";"/>
    <property name="java.vm.name" value="OpenJDK 64-Bit Server VM"/>
    <property name="sun.os.patch.level" value=""/>
    <property name="user.script" value=""/>
    <property name="user.country" value="ES"/>
    <property name="sun.java.launcher" value="SUN_STANDARD"/>
    <property name="test" value="Conjunto.ConjuntoTest"/>
    <property name="java.vm.specification.name" value="Java Virtual Machine Specification"/>
    <property name="user.dir" value="C:\Users\TomasUcu\Documents\NetBeansProjects\TADs"/>
    <property name="java.vm.compressedOopsMode" value="Zero based"/>
    <property name="java.runtime.version" value="17.0.1+12-39"/>
    <property name="os.arch" value="amd64"/>
    <property name="java.io.tmpdir" value="C:\Users\TomasUcu\AppData\Local\Temp\"/>
    <property name="line.separator" value="
"/>
    <property name="java.vm.specification.vendor" value="Oracle Corporation"/>
    <property name="user.variant" value=""/>
    <property name="os.name" value="Windows 10"/>
    <property name="maven.ext.class.path" value="C:\Program Files\NetBeans-13\netbeans\java\maven-nblib\netbeans-eventspy.jar"/>
    <property name="classworlds.conf" value="C:\Program Files\NetBeans-13\netbeans\java\maven\bin\m2.conf"/>
    <property name="sun.jnu.encoding" value="Cp1252"/>
    <property name="java.library.path" value="C:\Program Files\Java\jdk-17.0.1\bin;C:\Windows\Sun\Java\bin;C:\Windows\system32;C:\Windows;C:\Windows\system32;C:\Windows;C:\Windows\System32\Wbem;C:\Windows\System32\WindowsPowerShell\v1.0\;C:\Windows\System32\OpenSSH\;C:\Program Files\Git\cmd;C:\Program Files\jdk-17.0.2\bin;C:\Users\TomasUcu\AppData\Local\Programs\Python\Python310\Scripts\;C:\Users\TomasUcu\AppData\Local\Programs\Python\Python310\;C:\Users\TomasUcu\AppData\Local\Microsoft\WindowsApps;C:\Users\TomasUcu\AppData\Local\Programs\Microsoft VS Code\bin;C:\Program Files\Java\jdk-17.0.1\bin;;."/>
    <property name="maven.conf" value="C:\Program Files\NetBeans-13\netbeans\java\maven/conf"/>
    <property name="jdk.debug" value="release"/>
    <property name="java.class.version" value="61.0"/>
    <property name="java.specification.name" value="Java Platform API Specification"/>
    <property name="sun.management.compiler" value="HotSpot 64-Bit Tiered Compilers"/>
    <property name="os.version" value="10.0"/>
    <property name="library.jansi.path" value="C:\Program Files\NetBeans-13\netbeans\java\maven\lib\jansi-native"/>
    <property name="user.home" value="C:\Users\TomasUcu"/>
    <property name="user.timezone" value="America/Montevideo"/>
    <property name="file.encoding" value="UTF-8"/>
    <property name="java.specification.version" value="17"/>
    <property name="user.name" value="TomasUcu"/>
    <property name="java.class.path" value="C:\Program Files\NetBeans-13\netbeans\java\maven\boot\plexus-classworlds-2.6.0.jar"/>
    <property name="java.vm.specification.version" value="17"/>
    <property name="sun.arch.data.model" value="64"/>
    <property name="sun.java.command" value="org.codehaus.plexus.classworlds.launcher.Launcher -Dtest=Conjunto.ConjuntoTest -Dmaven.ext.class.path=C:\Program Files\NetBeans-13\netbeans\java\maven-nblib\netbeans-eventspy.jar -Dfile.encoding=UTF-8 surefire:test"/>
    <property name="java.home" value="C:\Program Files\Java\jdk-17.0.1"/>
    <property name="user.language" value="es"/>
    <property name="java.specification.vendor" value="Oracle Corporation"/>
    <property name="java.vm.info" value="mixed mode, sharing"/>
    <property name="java.version" value="17.0.1"/>
    <property name="native.encoding" value="Cp1252"/>
    <property name="java.vendor" value="Oracle Corporation"/>
    <property name="maven.home" value="C:\Program Files\NetBeans-13\netbeans\java\maven"/>
    <property name="file.separator" value="\"/>
    <property name="java.version.date" value="2021-10-19"/>
    <property name="java.vendor.url.bug" value="https://bugreport.java.com/bugreport/"/>
    <property name="sun.io.unicode.encoding" value="UnicodeLittle"/>
    <property name="sun.cpu.endian" value="little"/>
    <property name="sun.cpu.isalist" value="amd64"/>
  </properties>
  <testcase classname="Conjunto.ConjuntoTest" name="Conjunto.ConjuntoTest.testDiferenciaSimetricaVariosElementosDisjuntos" time="0.025"/>
  <testcase classname="Conjunto.ConjuntoTest" name="Conjunto.ConjuntoTest.testDiferenciaSimetricaMismosElementos" time="0"/>
  <testcase classname="Conjunto.ConjuntoTest" name="Conjunto.ConjuntoTest.testInterseccionVariosElementosIguales" time="0"/>
  <testcase classname="Conjunto.ConjuntoTest" name="Conjunto.ConjuntoTest.testDiferenciaSimetricaVariosElementosIguales" time="0"/>
  <testcase classname="Conjunto.ConjuntoTest" name="Conjunto.ConjuntoTest.testInterseccionVariosElementosDisjuntos" time="0"/>
  <testcase classname="Conjunto.ConjuntoTest" name="Conjunto.ConjuntoTest.testUnionUnoVacio1" time="0"/>
  <testcase classname="Conjunto.ConjuntoTest" name="Conjunto.ConjuntoTest.testUnionUnoVacio2" time="0"/>
  <testcase classname="Conjunto.ConjuntoTest" name="Conjunto.ConjuntoTest.testDiferenciaSimetricaAmbosVacios" time="0"/>
  <testcase classname="Conjunto.ConjuntoTest" name="Conjunto.ConjuntoTest.testUnionAmbosVacios" time="0"/>
  <testcase classname="Conjunto.ConjuntoTest" name="Conjunto.ConjuntoTest.testInterseccionAmbosVacios" time="0"/>
  <testcase classname="Conjunto.ConjuntoTest" name="Conjunto.ConjuntoTest.testDiferenciaSimetricaUnoVacio1" time="0"/>
  <testcase classname="Conjunto.ConjuntoTest" name="Conjunto.ConjuntoTest.testUnionVariosElementosDisjuntos" time="0"/>
  <testcase classname="Conjunto.ConjuntoTest" name="Conjunto.ConjuntoTest.testDiferenciaSimetricaUnoVacio2" time="0"/>
  <testcase classname="Conjunto.ConjuntoTest" name="Conjunto.ConjuntoTest.testInterseccionUnoVacio1" time="0"/>
  <testcase classname="Conjunto.ConjuntoTest" name="Conjunto.ConjuntoTest.testUnionMismosElementos" time="0"/>
  <testcase classname="Conjunto.ConjuntoTest" name="Conjunto.ConjuntoTest.testUnionVariosElementosIguales" time="0"/>
  <testcase classname="Conjunto.ConjuntoTest" name="Conjunto.ConjuntoTest.testInterseccionUnoVacio2" time="0"/>
  <testcase classname="Conjunto.ConjuntoTest" name="Conjunto.ConjuntoTest.testInterseccionMismosElementos" time="0"/>
</testsuite>